#
# There is insufficient memory for the Java Runtime Environment to continue.
# Native memory allocation (malloc) failed to allocate 1573280 bytes for Chunk::new
# Possible reasons:
#   The system is out of physical RAM or swap space
#   The process is running with CompressedOops enabled, and the Java Heap may be blocking the growth of the native heap
# Possible solutions:
#   Reduce memory load on the system
#   Increase physical memory or swap space
#   Check if swap backing store is full
#   Decrease Java heap size (-Xmx/-Xms)
#   Decrease number of Java threads
#   Decrease Java thread stack sizes (-Xss)
#   Set larger code cache with -XX:ReservedCodeCacheSize=
#   JVM is running with Unscaled Compressed Oops mode in which the Java heap is
#     placed in the first 4GB address space. The Java Heap base address is the
#     maximum limit for the native heap growth. Please use -XX:HeapBaseMinAddress
#     to set the Java Heap base and to place the Java Heap above 4GB virtual address.
# This output file may be truncated or incomplete.
#
#  Out of Memory Error (allocation.cpp:389), pid=19124, tid=0x0000000000003e94
#
# JRE version: OpenJDK Runtime Environment (8.0_242-b01) (build 1.8.0_242-release-1644-b01)
# Java VM: OpenJDK 64-Bit Server VM (25.242-b01 mixed mode windows-amd64 compressed oops)
# Failed to write core dump. Minidumps are not enabled by default on client versions of Windows
#

---------------  T H R E A D  ---------------

Current thread (0x00000000177f9800):  JavaThread "C2 CompilerThread1" daemon [_thread_in_native, id=16020, stack(0x0000000018f70000,0x0000000019070000)]

Stack: [0x0000000018f70000,0x0000000019070000]
[error occurred during error reporting (printing stack bounds), id 0xc0000005]

Native frames: (J=compiled Java code, j=interpreted, Vv=VM code, C=native code)


Current CompileTask:
C2: 477950 16156       4       org.objectweb.asm.ClassReader::readCode (5089 bytes)


---------------  P R O C E S S  ---------------

Java Threads: ( => current thread )
  0x000000001f7f5000 JavaThread "Cache worker for Java compile cache (C:\Users\1\AndroidStudioProjects\CheckPhones\.gradle\6.1.1\javaCompile)" [_thread_blocked, id=8912, stack(0x0000000028520000,0x0000000028620000)]
  0x000000001f7f1000 JavaThread "Cache worker for Java compile cache (C:\Users\1\.gradle\caches\6.1.1\javaCompile)" [_thread_blocked, id=8572, stack(0x0000000026300000,0x0000000026400000)]
  0x000000001dd09000 JavaThread "ForkJoinPool.commonPool-worker-1" daemon [_thread_blocked, id=15304, stack(0x0000000028420000,0x0000000028520000)]
  0x000000001dd07800 JavaThread "stdout" [_thread_in_native, id=21216, stack(0x0000000028320000,0x0000000028420000)]
  0x000000001dd0d800 JavaThread "stderr" [_thread_in_native, id=20540, stack(0x0000000028220000,0x0000000028320000)]
  0x000000001dd08000 JavaThread "WorkerExecutor Queue Thread 5" [_thread_blocked, id=14704, stack(0x0000000028120000,0x0000000028220000)]
  0x000000001dd0b000 JavaThread "stdout" [_thread_in_native, id=20604, stack(0x0000000027e20000,0x0000000027f20000)]
  0x000000001dd09800 JavaThread "stderr" [_thread_in_native, id=14364, stack(0x0000000027d20000,0x0000000027e20000)]
  0x000000001dd0c000 JavaThread "stdout" [_thread_in_native, id=8052, stack(0x0000000027c20000,0x0000000027d20000)]
  0x000000001dd0c800 JavaThread "stderr" [_thread_in_native, id=18120, stack(0x0000000027b20000,0x0000000027c20000)]
  0x000000001dd0a800 JavaThread "stdout" [_thread_in_native, id=13080, stack(0x0000000027920000,0x0000000027a20000)]
  0x000000001b44b000 JavaThread "stderr" [_thread_in_native, id=5088, stack(0x0000000027820000,0x0000000027920000)]
  0x000000001b44a000 JavaThread "pool-6-thread-1" [_thread_blocked, id=14464, stack(0x0000000027720000,0x0000000027820000)]
  0x000000001b448800 JavaThread "WorkerExecutor Queue Thread 4" [_thread_blocked, id=8036, stack(0x0000000027620000,0x0000000027720000)]
  0x000000001b447000 JavaThread "WorkerExecutor Queue Thread 3" [_thread_blocked, id=10700, stack(0x0000000027520000,0x0000000027620000)]
  0x000000001dcc0000 JavaThread "WorkerExecutor Queue" [_thread_blocked, id=16288, stack(0x0000000026450000,0x0000000026550000)]
  0x000000001dcbe800 JavaThread "Cache worker for execution history cache (C:\Users\1\AndroidStudioProjects\CheckPhones\.gradle\6.1.1\executionHistory)" [_thread_blocked, id=10176, stack(0x0000000026000000,0x0000000026100000)]
  0x000000001dcb5800 JavaThread "Execution worker for ':' Thread 3" [_thread_blocked, id=1608, stack(0x0000000025f00000,0x0000000026000000)]
  0x000000001dcbc800 JavaThread "Execution worker for ':' Thread 2" [_thread_in_native, id=19784, stack(0x0000000025e00000,0x0000000025f00000)]
  0x000000001dcb5000 JavaThread "Execution worker for ':'" [_thread_blocked, id=18536, stack(0x0000000025d00000,0x0000000025e00000)]
  0x000000001dcb8800 JavaThread "Cache worker for file content cache (C:\Users\1\AndroidStudioProjects\CheckPhones\.gradle\6.1.1\fileContent)" [_thread_blocked, id=1464, stack(0x0000000025c00000,0x0000000025d00000)]
  0x000000001924f800 JavaThread "Cache worker for file content cache (C:\Users\1\.gradle\caches\6.1.1\fileContent)" [_thread_blocked, id=20988, stack(0x0000000025b00000,0x0000000025c00000)]
  0x000000001924e800 JavaThread "Memory manager" [_thread_blocked, id=5792, stack(0x0000000025a00000,0x0000000025b00000)]
  0x000000001924d000 JavaThread "Cache worker for Build Output Cleanup Cache (C:\Users\1\AndroidStudioProjects\CheckPhones\.gradle\buildOutputCleanup)" [_thread_blocked, id=18832, stack(0x0000000025900000,0x0000000025a00000)]
  0x000000001924c800 JavaThread "Build operations Thread 4" [_thread_blocked, id=15080, stack(0x0000000025800000,0x0000000025900000)]
  0x000000001924b800 JavaThread "Build operations Thread 3" [_thread_blocked, id=13744, stack(0x0000000025700000,0x0000000025800000)]
  0x000000001924b000 JavaThread "Build operations Thread 2" [_thread_blocked, id=21144, stack(0x0000000024d90000,0x0000000024e90000)]
  0x0000000019243800 JavaThread "Build operations" [_thread_blocked, id=14680, stack(0x00000000239c0000,0x0000000023ac0000)]
  0x000000001924a000 JavaThread "Cache worker for cache directory md-rule (C:\Users\1\.gradle\caches\6.1.1\md-rule)" [_thread_blocked, id=13916, stack(0x00000000234c0000,0x00000000235c0000)]
  0x0000000019242800 JavaThread "Cache worker for cache directory md-supplier (C:\Users\1\.gradle\caches\6.1.1\md-supplier)" [_thread_blocked, id=12820, stack(0x00000000233c0000,0x00000000234c0000)]
  0x0000000019249800 JavaThread "Cache worker for file hash cache (C:\Users\1\AndroidStudioProjects\CheckPhones\.gradle\6.1.1\fileHashes)" [_thread_in_native, id=14544, stack(0x00000000232c0000,0x00000000233c0000)]
  0x0000000019248800 JavaThread "Cache worker for checksums cache (C:\Users\1\AndroidStudioProjects\CheckPhones\.gradle\checksums)" [_thread_blocked, id=18900, stack(0x00000000211d0000,0x00000000212d0000)]
  0x0000000019241000 JavaThread "Thread-43" [_thread_blocked, id=8868, stack(0x00000000210d0000,0x00000000211d0000)]
  0x0000000019247000 JavaThread "Stdin handler" [_thread_blocked, id=18696, stack(0x0000000020cd0000,0x0000000020dd0000)]
  0x0000000019246800 JavaThread "Asynchronous log dispatcher for DefaultDaemonConnection: socket connection from /127.0.0.1:53572 to /127.0.0.1:53831" [_thread_blocked, id=11076, stack(0x000000001d100000,0x000000001d200000)]
  0x0000000019245800 JavaThread "Daemon worker Thread 3" [_thread_blocked, id=2932, stack(0x000000001ce00000,0x000000001cf00000)]
  0x0000000019245000 JavaThread "Cancel handler" [_thread_blocked, id=16328, stack(0x000000001cd00000,0x000000001ce00000)]
  0x0000000019248000 JavaThread "Handler for socket connection from /127.0.0.1:53572 to /127.0.0.1:53831" [_thread_in_native, id=16092, stack(0x000000001ca00000,0x000000001cb00000)]
  0x0000000019240800 JavaThread "Daemon Thread 3" [_thread_blocked, id=19488, stack(0x000000001c900000,0x000000001ca00000)]
  0x000000001b448000 JavaThread "Cache worker for execution history cache (C:\Users\1\.gradle\caches\6.1.1\executionHistory)" [_thread_blocked, id=18088, stack(0x0000000020dd0000,0x0000000020ed0000)]
  0x000000001b449800 JavaThread "Cache worker for file hash cache (C:\Users\1\.gradle\caches\6.1.1\fileHashes)" [_thread_blocked, id=17940, stack(0x000000001d600000,0x000000001d700000)]
  0x000000001b56a800 JavaThread "File lock request listener" [_thread_in_native, id=17816, stack(0x000000001d500000,0x000000001d600000)]
  0x000000001a559800 JavaThread "Cache worker for journal cache (C:\Users\1\.gradle\caches\journal-1)" [_thread_blocked, id=3000, stack(0x000000001d400000,0x000000001d500000)]
  0x000000001b3c1800 JavaThread "Daemon periodic checks" [_thread_blocked, id=1100, stack(0x000000001c800000,0x000000001c900000)]
  0x000000001b372000 JavaThread "Incoming local TCP Connector on port 53572" [_thread_in_native, id=16440, stack(0x0000000019870000,0x0000000019970000)]
  0x0000000019138000 JavaThread "Daemon health stats" [_thread_blocked, id=19100, stack(0x0000000019770000,0x0000000019870000)]
  0x000000001784e000 JavaThread "Service Thread" daemon [_thread_blocked, id=4280, stack(0x0000000019570000,0x0000000019670000)]
  0x0000000017847800 JavaThread "C1 CompilerThread2" daemon [_thread_blocked, id=19892, stack(0x0000000019470000,0x0000000019570000)]
=>0x00000000177f9800 JavaThread "C2 CompilerThread1" daemon [_thread_in_native, id=16020, stack(0x0000000018f70000,0x0000000019070000)]
  0x00000000177f5800 JavaThread "C2 CompilerThread0" daemon [_thread_blocked, id=14488, stack(0x0000000018e70000,0x0000000018f70000)]
  0x00000000177f4800 JavaThread "Attach Listener" daemon [_thread_blocked, id=19904, stack(0x0000000018d70000,0x0000000018e70000)]
  0x00000000177f2000 JavaThread "Signal Dispatcher" daemon [_thread_blocked, id=16684, stack(0x0000000018c70000,0x0000000018d70000)]
  0x00000000177d9800 JavaThread "Finalizer" daemon [_thread_blocked, id=18856, stack(0x0000000018a60000,0x0000000018b60000)]
  0x0000000002bc1000 JavaThread "Reference Handler" daemon [_thread_blocked, id=14232, stack(0x0000000018960000,0x0000000018a60000)]
  0x0000000002acd800 JavaThread "main" [_thread_blocked, id=6064, stack(0x0000000002980000,0x0000000002a80000)]

Other Threads:
  0x00000000177b6000 VMThread [stack: 0x0000000018860000,0x0000000018960000] [id=15500]
  0x00000000190a1800 WatcherThread [stack: 0x0000000019670000,0x0000000019770000] [id=18704]

VM state:not at safepoint (normal execution)

VM Mutex/Monitor currently owned by a thread: None

heap address: 0x0000000080000000, size: 2048 MB, Compressed Oops mode: 32-bit
Narrow klass base: 0x0000000000000000, Narrow klass shift: 3
Compressed class space size: 1073741824 Address: 0x0000000100000000

Heap:
 PSYoungGen      total 308224K, used 52810K [0x00000000d5580000, 0x00000000ed700000, 0x0000000100000000)
  eden space 269312K, 19% used [0x00000000d5580000,0x00000000d89129b0,0x00000000e5c80000)
  from space 38912K, 0% used [0x00000000e5c80000,0x00000000e5c80000,0x00000000e8280000)
  to   space 41984K, 0% used [0x00000000eae00000,0x00000000eae00000,0x00000000ed700000)
 ParOldGen       total 211456K, used 55967K [0x0000000080000000, 0x000000008ce80000, 0x00000000d5580000)
  object space 211456K, 26% used [0x0000000080000000,0x00000000836a7f58,0x000000008ce80000)
 Metaspace       used 98391K, capacity 102854K, committed 103208K, reserved 1138688K
  class space    used 12914K, capacity 13806K, committed 13864K, reserved 1048576K

Card table byte_map: [0x0000000011f90000,0x00000000123a0000] byte_map_base: 0x0000000011b90000

Marking Bits: (ParMarkBitMap*) 0x000000005adbf030
 Begin Bits: [0x0000000012a50000, 0x0000000014a50000)
 End Bits:   [0x0000000014a50000, 0x0000000016a50000)

Polling page: 0x0000000002900000

CodeCache: size=245760Kb used=44374Kb max_used=44386Kb free=201385Kb
 bounds [0x0000000002bd0000, 0x0000000005780000, 0x0000000011bd0000]
 total_blobs=14543 nmethods=13650 adapters=804
 compilation: enabled

Compilation events (10 events):
Event: 477.911 Thread 0x0000000017847800 nmethod 16227 0x0000000005304fd0 code [0x0000000005305140, 0x0000000005305448]
Event: 477.918 Thread 0x00000000177f5800 nmethod 16222 0x0000000004d28610 code [0x0000000004d287e0, 0x0000000004d29598]
Event: 477.918 Thread 0x00000000177f5800 16223       4       org.gradle.api.internal.changedetection.state.ZipHasher::isZipFile (43 bytes)
Event: 477.930 Thread 0x00000000177f5800 nmethod 16223 0x0000000005348750 code [0x0000000005348920, 0x0000000005349378]
Event: 477.930 Thread 0x00000000177f5800 16224       4       org.gradle.api.internal.changedetection.state.JdkZipEntry::getName (8 bytes)
Event: 477.931 Thread 0x00000000177f5800 nmethod 16224 0x0000000002e53f50 code [0x0000000002e540a0, 0x0000000002e54138]
Event: 477.931 Thread 0x00000000177f5800 16228       4       org.gradle.api.internal.changedetection.state.JdkZipEntry::isDirectory (8 bytes)
Event: 477.932 Thread 0x00000000177f5800 nmethod 16228 0x0000000005304c10 code [0x0000000005304d60, 0x0000000005304e58]
Event: 477.932 Thread 0x00000000177f5800 16229       4       org.gradle.internal.FileUtils::hasExtensionIgnoresCase (6 bytes)
Event: 477.938 Thread 0x00000000177f5800 nmethod 16229 0x0000000005739e50 code [0x0000000005739fe0, 0x000000000573a6d8]

GC Heap History (10 events):
Event: 321.784 GC heap before
{Heap before GC invocations=15 (full 3):
 PSYoungGen      total 225280K, used 220610K [0x00000000d5580000, 0x00000000e7680000, 0x0000000100000000)
  eden space 202752K, 100% used [0x00000000d5580000,0x00000000e1b80000,0x00000000e1b80000)
  from space 22528K, 79% used [0x00000000e1b80000,0x00000000e2cf0970,0x00000000e3180000)
  to   space 24064K, 0% used [0x00000000e5f00000,0x00000000e5f00000,0x00000000e7680000)
 ParOldGen       total 144384K, used 31715K [0x0000000080000000, 0x0000000088d00000, 0x00000000d5580000)
  object space 144384K, 21% used [0x0000000080000000,0x0000000081ef8e50,0x0000000088d00000)
 Metaspace       used 77228K, capacity 80488K, committed 80816K, reserved 1120256K
  class space    used 10165K, capacity 10843K, committed 10928K, reserved 1048576K
Event: 321.824 GC heap after
Heap after GC invocations=15 (full 3):
 PSYoungGen      total 262144K, used 21899K [0x00000000d5580000, 0x00000000e7480000, 0x0000000100000000)
  eden space 240128K, 0% used [0x00000000d5580000,0x00000000d5580000,0x00000000e4000000)
  from space 22016K, 99% used [0x00000000e5f00000,0x00000000e7462d70,0x00000000e7480000)
  to   space 26624K, 0% used [0x00000000e4080000,0x00000000e4080000,0x00000000e5a80000)
 ParOldGen       total 144384K, used 31723K [0x0000000080000000, 0x0000000088d00000, 0x00000000d5580000)
  object space 144384K, 21% used [0x0000000080000000,0x0000000081efae50,0x0000000088d00000)
 Metaspace       used 77228K, capacity 80488K, committed 80816K, reserved 1120256K
  class space    used 10165K, capacity 10843K, committed 10928K, reserved 1048576K
}
Event: 466.416 GC heap before
{Heap before GC invocations=16 (full 3):
 PSYoungGen      total 262144K, used 262027K [0x00000000d5580000, 0x00000000e7480000, 0x0000000100000000)
  eden space 240128K, 100% used [0x00000000d5580000,0x00000000e4000000,0x00000000e4000000)
  from space 22016K, 99% used [0x00000000e5f00000,0x00000000e7462d70,0x00000000e7480000)
  to   space 26624K, 0% used [0x00000000e4080000,0x00000000e4080000,0x00000000e5a80000)
 ParOldGen       total 144384K, used 31723K [0x0000000080000000, 0x0000000088d00000, 0x00000000d5580000)
  object space 144384K, 21% used [0x0000000080000000,0x0000000081efae50,0x0000000088d00000)
 Metaspace       used 82228K, capacity 86018K, committed 86064K, reserved 1124352K
  class space    used 10772K, capacity 11564K, committed 11568K, reserved 1048576K
Event: 466.537 GC heap after
Heap after GC invocations=16 (full 3):
 PSYoungGen      total 267264K, used 26592K [0x00000000d5580000, 0x00000000ea180000, 0x0000000100000000)
  eden space 240640K, 0% used [0x00000000d5580000,0x00000000d5580000,0x00000000e4080000)
  from space 26624K, 99% used [0x00000000e4080000,0x00000000e5a78138,0x00000000e5a80000)
  to   space 31744K, 0% used [0x00000000e8280000,0x00000000e8280000,0x00000000ea180000)
 ParOldGen       total 144384K, used 34768K [0x0000000080000000, 0x0000000088d00000, 0x00000000d5580000)
  object space 144384K, 24% used [0x0000000080000000,0x00000000821f4270,0x0000000088d00000)
 Metaspace       used 82228K, capacity 86018K, committed 86064K, reserved 1124352K
  class space    used 10772K, capacity 11564K, committed 11568K, reserved 1048576K
}
Event: 473.035 GC heap before
{Heap before GC invocations=17 (full 3):
 PSYoungGen      total 267264K, used 267232K [0x00000000d5580000, 0x00000000ea180000, 0x0000000100000000)
  eden space 240640K, 100% used [0x00000000d5580000,0x00000000e4080000,0x00000000e4080000)
  from space 26624K, 99% used [0x00000000e4080000,0x00000000e5a78138,0x00000000e5a80000)
  to   space 31744K, 0% used [0x00000000e8280000,0x00000000e8280000,0x00000000ea180000)
 ParOldGen       total 144384K, used 34768K [0x0000000080000000, 0x0000000088d00000, 0x00000000d5580000)
  object space 144384K, 24% used [0x0000000080000000,0x00000000821f4270,0x0000000088d00000)
 Metaspace       used 91999K, capacity 96408K, committed 96560K, reserved 1132544K
  class space    used 12147K, capacity 13011K, committed 13104K, reserved 1048576K
Event: 473.087 GC heap after
Heap after GC invocations=17 (full 3):
 PSYoungGen      total 301056K, used 31729K [0x00000000d5580000, 0x00000000eaf00000, 0x0000000100000000)
  eden space 269312K, 0% used [0x00000000d5580000,0x00000000d5580000,0x00000000e5c80000)
  from space 31744K, 99% used [0x00000000e8280000,0x00000000ea17c438,0x00000000ea180000)
  to   space 38912K, 0% used [0x00000000e5c80000,0x00000000e5c80000,0x00000000e8280000)
 ParOldGen       total 144384K, used 41069K [0x0000000080000000, 0x0000000088d00000, 0x00000000d5580000)
  object space 144384K, 28% used [0x0000000080000000,0x000000008281b680,0x0000000088d00000)
 Metaspace       used 91999K, capacity 96408K, committed 96560K, reserved 1132544K
  class space    used 12147K, capacity 13011K, committed 13104K, reserved 1048576K
}
Event: 475.434 GC heap before
{Heap before GC invocations=18 (full 3):
 PSYoungGen      total 301056K, used 223677K [0x00000000d5580000, 0x00000000eaf00000, 0x0000000100000000)
  eden space 269312K, 71% used [0x00000000d5580000,0x00000000e10f3198,0x00000000e5c80000)
  from space 31744K, 99% used [0x00000000e8280000,0x00000000ea17c438,0x00000000ea180000)
  to   space 38912K, 0% used [0x00000000e5c80000,0x00000000e5c80000,0x00000000e8280000)
 ParOldGen       total 144384K, used 41069K [0x0000000080000000, 0x0000000088d00000, 0x00000000d5580000)
  object space 144384K, 28% used [0x0000000080000000,0x000000008281b680,0x0000000088d00000)
 Metaspace       used 93929K, capacity 98500K, committed 98600K, reserved 1134592K
  class space    used 12382K, capacity 13289K, committed 13352K, reserved 1048576K
Event: 475.463 GC heap after
Heap after GC invocations=18 (full 3):
 PSYoungGen      total 308224K, used 31546K [0x00000000d5580000, 0x00000000ed700000, 0x0000000100000000)
  eden space 269312K, 0% used [0x00000000d5580000,0x00000000d5580000,0x00000000e5c80000)
  from space 38912K, 81% used [0x00000000e5c80000,0x00000000e7b4e9d8,0x00000000e8280000)
  to   space 41984K, 0% used [0x00000000eae00000,0x00000000eae00000,0x00000000ed700000)
 ParOldGen       total 144384K, used 41077K [0x0000000080000000, 0x0000000088d00000, 0x00000000d5580000)
  object space 144384K, 28% used [0x0000000080000000,0x000000008281d680,0x0000000088d00000)
 Metaspace       used 93929K, capacity 98500K, committed 98600K, reserved 1134592K
  class space    used 12382K, capacity 13289K, committed 13352K, reserved 1048576K
}
Event: 475.463 GC heap before
{Heap before GC invocations=19 (full 4):
 PSYoungGen      total 308224K, used 31546K [0x00000000d5580000, 0x00000000ed700000, 0x0000000100000000)
  eden space 269312K, 0% used [0x00000000d5580000,0x00000000d5580000,0x00000000e5c80000)
  from space 38912K, 81% used [0x00000000e5c80000,0x00000000e7b4e9d8,0x00000000e8280000)
  to   space 41984K, 0% used [0x00000000eae00000,0x00000000eae00000,0x00000000ed700000)
 ParOldGen       total 144384K, used 41077K [0x0000000080000000, 0x0000000088d00000, 0x00000000d5580000)
  object space 144384K, 28% used [0x0000000080000000,0x000000008281d680,0x0000000088d00000)
 Metaspace       used 93929K, capacity 98500K, committed 98600K, reserved 1134592K
  class space    used 12382K, capacity 13289K, committed 13352K, reserved 1048576K
Event: 475.687 GC heap after
Heap after GC invocations=19 (full 4):
 PSYoungGen      total 308224K, used 0K [0x00000000d5580000, 0x00000000ed700000, 0x0000000100000000)
  eden space 269312K, 0% used [0x00000000d5580000,0x00000000d5580000,0x00000000e5c80000)
  from space 38912K, 0% used [0x00000000e5c80000,0x00000000e5c80000,0x00000000e8280000)
  to   space 41984K, 0% used [0x00000000eae00000,0x00000000eae00000,0x00000000ed700000)
 ParOldGen       total 211456K, used 55967K [0x0000000080000000, 0x000000008ce80000, 0x00000000d5580000)
  object space 211456K, 26% used [0x0000000080000000,0x00000000836a7f58,0x000000008ce80000)
 Metaspace       used 93844K, capacity 98252K, committed 98600K, reserved 1134592K
  class space    used 12355K, capacity 13241K, committed 13352K, reserved 1048576K
}

Deoptimization events (10 events):
Event: 477.457 Thread 0x000000001924b800 Uncommon trap: reason=class_check action=maybe_recompile pc=0x000000000551934c method=org.objectweb.asm.ClassReader.readField(Lorg/objectweb/asm/ClassVisitor;Lorg/objectweb/asm/Context;I)I @ 332
Event: 477.457 Thread 0x000000001924b800 Uncommon trap: reason=class_check action=maybe_recompile pc=0x000000000551934c method=org.objectweb.asm.ClassReader.readField(Lorg/objectweb/asm/ClassVisitor;Lorg/objectweb/asm/Context;I)I @ 332
Event: 477.459 Thread 0x000000001924b800 Uncommon trap: reason=class_check action=maybe_recompile pc=0x0000000005532794 method=org.objectweb.asm.ClassReader.accept(Lorg/objectweb/asm/ClassVisitor;[Lorg/objectweb/asm/Attribute;I)V @ 605
Event: 477.459 Thread 0x000000001924b800 Uncommon trap: reason=class_check action=maybe_recompile pc=0x0000000005532794 method=org.objectweb.asm.ClassReader.accept(Lorg/objectweb/asm/ClassVisitor;[Lorg/objectweb/asm/Attribute;I)V @ 605
Event: 477.460 Thread 0x000000001924b800 Uncommon trap: reason=class_check action=maybe_recompile pc=0x0000000005532794 method=org.objectweb.asm.ClassReader.accept(Lorg/objectweb/asm/ClassVisitor;[Lorg/objectweb/asm/Attribute;I)V @ 605
Event: 477.549 Thread 0x000000001924b800 Uncommon trap: reason=class_check action=maybe_recompile pc=0x000000000555b1f4 method=org.objectweb.asm.ClassReader.readCode(Lorg/objectweb/asm/MethodVisitor;Lorg/objectweb/asm/Context;I)V @ 3946
Event: 477.688 Thread 0x000000001924b800 Uncommon trap: reason=class_check action=maybe_recompile pc=0x000000000555b1f4 method=org.objectweb.asm.ClassReader.readCode(Lorg/objectweb/asm/MethodVisitor;Lorg/objectweb/asm/Context;I)V @ 3946
Event: 477.912 Thread 0x000000001dcbc800 Uncommon trap: reason=unstable_if action=reinterpret pc=0x0000000005553458 method=java.util.zip.ZipInputStream.readLOC()Ljava/util/zip/ZipEntry; @ 29
Event: 477.912 Thread 0x000000001dcbc800 Uncommon trap: reason=unstable_if action=reinterpret pc=0x000000000551286c method=org.gradle.api.internal.changedetection.state.StreamZipInput$1.computeNext()Lorg/gradle/api/internal/changedetection/state/ZipEntry; @ 25
Event: 477.913 Thread 0x000000001dcbc800 Uncommon trap: reason=array_check action=maybe_recompile pc=0x00000000055c774c method=java.util.ComparableTimSort.binarySort([Ljava/lang/Object;III)V @ 193

Classes redefined (0 events):
No events

Internal exceptions (10 events):
Event: 475.191 Thread 0x000000001dcbc800 Exception <a 'sun/nio/fs/WindowsException'> (0x00000000e06f6c50) thrown at [C:\src\AOSP-openjdk-git\hotspot\src\share\vm\prims\jni.cpp, line 710]
Event: 475.191 Thread 0x000000001dcbc800 Exception <a 'sun/nio/fs/WindowsException'> (0x00000000e06f78d0) thrown at [C:\src\AOSP-openjdk-git\hotspot\src\share\vm\prims\jni.cpp, line 710]
Event: 475.192 Thread 0x000000001dcbc800 Exception <a 'sun/nio/fs/WindowsException'> (0x00000000e06f8928) thrown at [C:\src\AOSP-openjdk-git\hotspot\src\share\vm\prims\jni.cpp, line 710]
Event: 475.192 Thread 0x000000001dcbc800 Exception <a 'sun/nio/fs/WindowsException'> (0x00000000e0700898) thrown at [C:\src\AOSP-openjdk-git\hotspot\src\share\vm\prims\jni.cpp, line 710]
Event: 475.193 Thread 0x000000001dcbc800 Exception <a 'sun/nio/fs/WindowsException'> (0x00000000e0701560) thrown at [C:\src\AOSP-openjdk-git\hotspot\src\share\vm\prims\jni.cpp, line 710]
Event: 475.193 Thread 0x000000001dcbc800 Exception <a 'sun/nio/fs/WindowsException'> (0x00000000e0702298) thrown at [C:\src\AOSP-openjdk-git\hotspot\src\share\vm\prims\jni.cpp, line 710]
Event: 475.193 Thread 0x000000001dcbc800 Exception <a 'sun/nio/fs/WindowsException'> (0x00000000e07042e0) thrown at [C:\src\AOSP-openjdk-git\hotspot\src\share\vm\prims\jni.cpp, line 710]
Event: 475.193 Thread 0x000000001dcbc800 Exception <a 'sun/nio/fs/WindowsException'> (0x00000000e0704fb8) thrown at [C:\src\AOSP-openjdk-git\hotspot\src\share\vm\prims\jni.cpp, line 710]
Event: 475.193 Thread 0x000000001dcbc800 Exception <a 'sun/nio/fs/WindowsException'> (0x00000000e0705d00) thrown at [C:\src\AOSP-openjdk-git\hotspot\src\share\vm\prims\jni.cpp, line 710]
Event: 477.761 Thread 0x0000000019241000 Exception <a 'java/lang/NoSuchMethodError': <clinit>> (0x00000000d57f7f50) thrown at [C:\src\AOSP-openjdk-git\hotspot\src\share\vm\prims\jni.cpp, line 1615]

Events (10 events):
Event: 477.786 Thread 0x0000000019241000 DEOPT UNPACKING pc=0x0000000002c175d0 sp=0x00000000211cc6b0 mode 0
Event: 477.912 Thread 0x000000001dcbc800 Uncommon trap: trap_request=0xffffff65 fr.pc=0x0000000005553458
Event: 477.912 Thread 0x000000001dcbc800 DEOPT PACKING pc=0x0000000005553458 sp=0x0000000025efc1b0
Event: 477.912 Thread 0x000000001dcbc800 DEOPT UNPACKING pc=0x0000000002c1557b sp=0x0000000025efc190 mode 2
Event: 477.912 Thread 0x000000001dcbc800 Uncommon trap: trap_request=0xffffff65 fr.pc=0x000000000551286c
Event: 477.912 Thread 0x000000001dcbc800 DEOPT PACKING pc=0x000000000551286c sp=0x0000000025efc2e0
Event: 477.912 Thread 0x000000001dcbc800 DEOPT UNPACKING pc=0x0000000002c1557b sp=0x0000000025efc228 mode 2
Event: 477.913 Thread 0x000000001dcbc800 Uncommon trap: trap_request=0xffffffd6 fr.pc=0x00000000055c774c
Event: 477.913 Thread 0x000000001dcbc800 DEOPT PACKING pc=0x00000000055c774c sp=0x0000000025efc290
Event: 477.913 Thread 0x000000001dcbc800 DEOPT UNPACKING pc=0x0000000002c1557b sp=0x0000000025efc238 mode 2


Dynamic libraries:
0x00007ff7b0b90000 - 0x00007ff7b0bc1000 	C:\Program Files\Android\Android Studio\jre\bin\java.exe
0x00007ffcb8d20000 - 0x00007ffcb8f10000 	C:\Windows\SYSTEM32\ntdll.dll
0x00007ffcb7fe0000 - 0x00007ffcb8092000 	C:\Windows\System32\KERNEL32.DLL
0x00007ffcb6b20000 - 0x00007ffcb6dc4000 	C:\Windows\System32\KERNELBASE.dll
0x00007ffcb6dd0000 - 0x00007ffcb6e73000 	C:\Windows\System32\ADVAPI32.dll
0x00007ffcb7570000 - 0x00007ffcb760e000 	C:\Windows\System32\msvcrt.dll
0x00007ffcb6e90000 - 0x00007ffcb6f27000 	C:\Windows\System32\sechost.dll
0x00007ffcb7610000 - 0x00007ffcb7730000 	C:\Windows\System32\RPCRT4.dll
0x00007ffcb6f30000 - 0x00007ffcb70c4000 	C:\Windows\System32\USER32.dll
0x00007ffcb6160000 - 0x00007ffcb6181000 	C:\Windows\System32\win32u.dll
0x00007ffcb77b0000 - 0x00007ffcb77d6000 	C:\Windows\System32\GDI32.dll
0x00007ffcb5e10000 - 0x00007ffcb5fa5000 	C:\Windows\System32\gdi32full.dll
0x00007ffcb6190000 - 0x00007ffcb622e000 	C:\Windows\System32\msvcp_win.dll
0x00007ffcb69b0000 - 0x00007ffcb6aaa000 	C:\Windows\System32\ucrtbase.dll
0x00007ffca4770000 - 0x00007ffca49f4000 	C:\Windows\WinSxS\amd64_microsoft.windows.common-controls_6595b64144ccf1df_6.0.18362.900_none_e6beb9d913147d17\COMCTL32.dll
0x00007ffcb89a0000 - 0x00007ffcb8cd5000 	C:\Windows\System32\combase.dll
0x00007ffcb5d60000 - 0x00007ffcb5de0000 	C:\Windows\System32\bcryptPrimitives.dll
0x00007ffcb7c50000 - 0x00007ffcb7c7e000 	C:\Windows\System32\IMM32.DLL
0x0000000059aa0000 - 0x0000000059b72000 	C:\Program Files\Android\Android Studio\jre\jre\bin\msvcr100.dll
0x000000005a5f0000 - 0x000000005ae3b000 	C:\Program Files\Android\Android Studio\jre\jre\bin\server\jvm.dll
0x00007ffcb7d90000 - 0x00007ffcb7d98000 	C:\Windows\System32\PSAPI.DLL
0x00007ffcafcd0000 - 0x00007ffcafcd9000 	C:\Windows\SYSTEM32\WSOCK32.dll
0x00007ffcb7730000 - 0x00007ffcb779f000 	C:\Windows\System32\WS2_32.dll
0x00007ffcb3b80000 - 0x00007ffcb3ba4000 	C:\Windows\SYSTEM32\WINMM.dll
0x00007ffcafd50000 - 0x00007ffcafd5a000 	C:\Windows\SYSTEM32\VERSION.dll
0x00007ffcb3b50000 - 0x00007ffcb3b7d000 	C:\Windows\SYSTEM32\WINMMBASE.dll
0x00007ffcb6ad0000 - 0x00007ffcb6b1a000 	C:\Windows\System32\cfgmgr32.dll
0x00007ffcafcc0000 - 0x00007ffcafccf000 	C:\Program Files\Android\Android Studio\jre\jre\bin\verify.dll
0x00007ffcaca10000 - 0x00007ffcaca39000 	C:\Program Files\Android\Android Studio\jre\jre\bin\java.dll
0x00007ffcac9f0000 - 0x00007ffcaca06000 	C:\Program Files\Android\Android Studio\jre\jre\bin\zip.dll
0x00007ffcb8250000 - 0x00007ffcb8936000 	C:\Windows\System32\SHELL32.dll
0x00007ffcb7c80000 - 0x00007ffcb7d29000 	C:\Windows\System32\shcore.dll
0x00007ffcb6230000 - 0x00007ffcb69b0000 	C:\Windows\System32\windows.storage.dll
0x00007ffcb5c80000 - 0x00007ffcb5ca3000 	C:\Windows\System32\profapi.dll
0x00007ffcb5c30000 - 0x00007ffcb5c7a000 	C:\Windows\System32\powrprof.dll
0x00007ffcb5be0000 - 0x00007ffcb5bf0000 	C:\Windows\System32\UMPDC.dll
0x00007ffcb7d30000 - 0x00007ffcb7d82000 	C:\Windows\System32\shlwapi.dll
0x00007ffcb5c10000 - 0x00007ffcb5c21000 	C:\Windows\System32\kernel.appcore.dll
0x00007ffcb6ab0000 - 0x00007ffcb6ac7000 	C:\Windows\System32\cryptsp.dll
0x00007ffcac970000 - 0x00007ffcac98a000 	C:\Program Files\Android\Android Studio\jre\jre\bin\net.dll
0x00007ffcb53f0000 - 0x00007ffcb5457000 	C:\Windows\system32\mswsock.dll
0x00007ffcac750000 - 0x00007ffcac763000 	C:\Program Files\Android\Android Studio\jre\jre\bin\nio.dll
0x00007ffca3c50000 - 0x00007ffca3c76000 	C:\Users\1\.gradle\native\31\windows-amd64\native-platform.dll
0x00007ffcafb80000 - 0x00007ffcafb8d000 	C:\Program Files\Android\Android Studio\jre\jre\bin\management.dll
0x00007ffcb4f60000 - 0x00007ffcb4f93000 	C:\Windows\system32\rsaenh.dll
0x00007ffcb5de0000 - 0x00007ffcb5e06000 	C:\Windows\System32\bcrypt.dll
0x00007ffcb5b00000 - 0x00007ffcb5b25000 	C:\Windows\SYSTEM32\USERENV.dll
0x00007ffcb55c0000 - 0x00007ffcb55cc000 	C:\Windows\SYSTEM32\CRYPTBASE.dll
0x00007ffcb5100000 - 0x00007ffcb513a000 	C:\Windows\SYSTEM32\IPHLPAPI.DLL
0x00007ffcb6e80000 - 0x00007ffcb6e88000 	C:\Windows\System32\NSI.dll
0x00007ffcafa10000 - 0x00007ffcafa26000 	C:\Windows\SYSTEM32\dhcpcsvc6.DLL
0x00007ffcaf9f0000 - 0x00007ffcafa0c000 	C:\Windows\SYSTEM32\dhcpcsvc.DLL
0x00007ffcb5140000 - 0x00007ffcb520b000 	C:\Windows\SYSTEM32\DNSAPI.dll
0x00007ffcb4c40000 - 0x00007ffcb4c71000 	C:\Windows\SYSTEM32\ntmarta.dll

VM Arguments:
jvm_args: -Xmx2048m -Dfile.encoding=windows-1251 -Duser.country=RU -Duser.language=ru -Duser.variant 
java_command: org.gradle.launcher.daemon.bootstrap.GradleDaemon 6.1.1
java_class_path (initial): C:\Users\1\.gradle\wrapper\dists\gradle-6.1.1-all\cfmwm155h49vnt3hynmlrsdst\gradle-6.1.1\lib\gradle-launcher-6.1.1.jar
Launcher Type: SUN_STANDARD

Environment Variables:
PATH=C:\Program Files (x86)\Common Files\Oracle\Java\javapath;C:\Windows\system32;C:\Windows;C:\Windows\System32\Wbem;C:\Windows\System32\WindowsPowerShell\v1.0\;C:\Windows\System32\OpenSSH\;C:\Program Files (x86)\Sennheiser\SoftphoneSDK\;C:\Program Files\Microsoft SQL Server\130\Tools\Binn\;C:\Program Files\Microsoft SQL Server\Client SDK\ODBC\170\Tools\Binn\;C:\Program Files\dotnet\;C:\Users\1\AppData\Local\Microsoft\WindowsApps;
USERNAME=Noj
OS=Windows_NT
PROCESSOR_IDENTIFIER=Intel64 Family 6 Model 158 Stepping 11, GenuineIntel



---------------  S Y S T E M  ---------------

OS: Windows 10.0 , 64 bit Build 18362 (10.0.18362.900)

CPU:total 4 (initial active 4) (4 cores per cpu, 1 threads per core) family 6 model 158 stepping 11, cmov, cx8, fxsr, mmx, sse, sse2, sse3, ssse3, sse4.1, sse4.2, popcnt, avx, avx2, aes, clmul, erms, 3dnowpref, lzcnt, tsc, tscinvbit, bmi1, bmi2, adx

Memory: 4k page, physical 8257804k(1356680k free), swap 33423628k(6472k free)

vm_info: OpenJDK 64-Bit Server VM (25.242-b01) for windows-amd64 JRE (1.8.0_242-release-1644-b01), built by "builder" with MS VC++ 10.0 (VS2010)

time: Tue Aug 25 19:18:06 2020
timezone: RTZ 4 (зима)
elapsed time: 477 seconds (0d 0h 7m 57s)

